\BOOKMARK [0][-]{Doc-Start}{Abstract}{}% 1
\BOOKMARK [0][-]{chapter*.2}{Introduction}{}% 2
\BOOKMARK [0][-]{chapter.1}{The\040double-edged\040sword\040of\040flexible\040environmental\040policy:\040The\040case\040of\040the\040seed\040loophole\040in\040certified\040organic\040production}{}% 3
\BOOKMARK [1][-]{section*.3}{1.\040Introduction}{chapter.1}% 4
\BOOKMARK [1][-]{section*.4}{2.\040Background}{chapter.1}% 5
\BOOKMARK [1][-]{section*.9}{3.\040Hypotheses}{chapter.1}% 6
\BOOKMARK [1][-]{section*.10}{4.\040Methods}{chapter.1}% 7
\BOOKMARK [1][-]{section*.17}{5.\040Results}{chapter.1}% 8
\BOOKMARK [1][-]{section*.23}{6.\040Discussion\040and\040conclusion}{chapter.1}% 9
\BOOKMARK [0][-]{chapter.2}{Mapping\040the\040spatial\040boundaries\040of\040the\040United\040State's\040organic\040seed\040niche:\040An\040empirical\040test\040of\040the\040Global\040Innovation\040System\040framework}{}% 10
\BOOKMARK [1][-]{section*.27}{1.\040Introduction}{chapter.2}% 11
\BOOKMARK [1][-]{section*.28}{2.\040Background}{chapter.2}% 12
\BOOKMARK [1][-]{section*.34}{3.\040Methods}{chapter.2}% 13
\BOOKMARK [1][-]{section*.42}{4.\040Results}{chapter.2}% 14
\BOOKMARK [1][-]{section*.48}{5.\040Discussion}{chapter.2}% 15
\BOOKMARK [1][-]{section*.52}{6.\040Conclusion}{chapter.2}% 16
\BOOKMARK [0][-]{chapter.3}{Innovation\040system\040network\040formation:\040Resource\040constellations\040shape\040cooperation\040in\040the\040organic\040seed\040niche}{}% 17
\BOOKMARK [1][-]{section*.53}{1.\040Introduction}{chapter.3}% 18
\BOOKMARK [1][-]{section*.54}{2.\040Background}{chapter.3}% 19
\BOOKMARK [1][-]{section*.62}{3.\040Methods}{chapter.3}% 20
\BOOKMARK [1][-]{section*.67}{4.\040Results}{chapter.3}% 21
\BOOKMARK [1][-]{section*.73}{5.\040Discussion}{chapter.3}% 22
\BOOKMARK [1][-]{section*.77}{6.\040Conclusion}{chapter.3}% 23
\BOOKMARK [0][-]{chapter*.78}{Conclusion}{}% 24
\BOOKMARK [0][-]{appendix.A}{Appendix\040A}{}% 25
\BOOKMARK [1][-]{section*.79}{1.\040Model\040selection\040and\040fit}{appendix.A}% 26
\BOOKMARK [1][-]{section*.80}{2.\040Full\040model\040results}{appendix.A}% 27
\BOOKMARK [1][-]{section*.81}{3.\040Predicted\040conventional\040seed\040use\040for\040field\040and\040forage\040crop\040growers}{appendix.A}% 28
\BOOKMARK [0][-]{appendix.B}{Appendix\040B}{}% 29
\BOOKMARK [1][-]{section*.82}{1.\040Selecting\040spatial\040terms}{appendix.B}% 30
\BOOKMARK [1][-]{section*.83}{2.\040Defining\040actors'\040spatial\040scales}{appendix.B}% 31
\BOOKMARK [1][-]{section*.84}{3.\040Full\040model\040results.}{appendix.B}% 32
\BOOKMARK [0][-]{appendix.C}{Appendix\040C}{}% 33
\BOOKMARK [1][-]{section*.85}{1.\040Sample\040representativeness\040across\040US\040regions\040and\040spatial\040scales}{appendix.C}% 34
\BOOKMARK [1][-]{section*.86}{2.\040Full\040list\040of\040resource-related\040topics}{appendix.C}% 35
\BOOKMARK [1][-]{section*.87}{3.\040Model\040building\040and\040selection}{appendix.C}% 36
\BOOKMARK [1][-]{section*.88}{4.\040Full\040model\040results}{appendix.C}% 37
\BOOKMARK [0][-]{appendix*.89}{Colophon}{}% 38
\BOOKMARK [0][-]{appendix*.90}{References}{}% 39
